<?xml version="1.0" encoding="UTF-8"?>
<!-- Generated by org.testng.reporters.JUnitReportReporter -->
<testsuite hostname="Villain" failures="0" tests="1" name="SignupPageTest.signupTest" time="9.207" errors="0" timestamp="2025-08-07T19:17:42 IST" skipped="0">
  <testcase classname="SignupPageTest.signupTest" name="TotestSignup" time="9.207"/>
  <system-out>
    <![CDATA[sucsessfully click on signup link
Clic on submit button sucsess
Signup completed]]>
  </system-out>
</testsuite> <!-- SignupPageTest.signupTest -->
