<?xml version="1.0" encoding="UTF-8"?>
<!-- Generated by org.testng.reporters.JUnitReportReporter -->
<testsuite hostname="Villain" failures="0" tests="1" name="Automation.LogintTestPage.loginPageTest" time="9.335" errors="0" timestamp="2025-08-08T18:17:43 IST" skipped="0">
  <testcase classname="Automation.LogintTestPage.loginPageTest" name="ToTestLoginPage" time="9.335"/>
  <system-out>
    <![CDATA[sucsessfully click on login link
login sucsessfully
Ravindar]]>
  </system-out>
</testsuite> <!-- Automation.LogintTestPage.loginPageTest -->
