<?xml version="1.0" encoding="UTF-8"?>
<!-- Generated by org.testng.reporters.JUnitReportReporter -->
<testsuite hostname="Villain" failures="0" tests="1" name="SignupPageTest.signupTest" time="16.479" errors="0" timestamp="2025-08-07T23:27:41 IST" skipped="0">
  <testcase classname="SignupPageTest.signupTest" name="TotestSignup" time="16.479"/>
  <system-out>
    <![CDATA[sucsessfully click on signup link
Click on submit button sucsess
Signup completed
ACCOUNT CREATED!]]>
  </system-out>
</testsuite> <!-- SignupPageTest.signupTest -->
