<?xml version="1.0" encoding="UTF-8"?>
<!-- Generated by org.testng.reporters.JUnitReportReporter -->
<testsuite hostname="Villain" failures="0" tests="1" name="AutomationexersisePageTest.SignupTest" time="12.341" errors="0" timestamp="2025-08-08T18:17:43 IST" skipped="0">
  <testcase classname="AutomationexersisePageTest.SignupTest" name="TotestSignup" time="12.341"/>
  <system-out>
    <![CDATA[sucsessfully click on signup link
Click on submit button sucsess
Signup completed
ACCOUNT CREATED!]]>
  </system-out>
</testsuite> <!-- AutomationexersisePageTest.SignupTest -->
