<?xml version="1.0" encoding="UTF-8"?>
<!-- Generated by org.testng.reporters.JUnitReportReporter -->
<testsuite hostname="Villain" failures="0" tests="1" name="Automation.LogintTestPage.loginPageTest" time="0.000" errors="0" timestamp="2025-08-08T16:10:47 IST" skipped="1">
  <testcase classname="Automation.LogintTestPage.loginPageTest" name="ToTestLoginPage" time="0.000">
    <skipped/>
  </testcase> <!-- ToTestLoginPage -->
  <system-out/>
</testsuite> <!-- Automation.LogintTestPage.loginPageTest -->
