<?xml version="1.0" encoding="UTF-8"?>
<!-- Generated by org.testng.reporters.JUnitReportReporter -->
<testsuite hostname="Villain" failures="0" tests="1" name="ContactUsForm.ToCreateContactUsFormTest" time="17.259" errors="0" timestamp="2025-08-08T19:30:17 IST" skipped="0">
  <testcase classname="ContactUsForm.ToCreateContactUsFormTest" name="createcontactt" time="17.259"/>
  <system-out>
    <![CDATA[GET IN TOUCH]]>
  </system-out>
</testsuite> <!-- ContactUsForm.ToCreateContactUsFormTest -->
